\BOOKMARK [1][-]{Doc-Start}{\376\377\001\020\000\363\000n\000g\000\040\000g\000\363\000p\000\040\000c\036\347\000a\000\040\000t\000h\000\340\000n\000h\000\040\000v\000i\000\352\000n}{}% 1
\BOOKMARK [1][-]{section.1}{\376\377\000G\000i\036\333\000i\000\040\000t\000h\000i\036\307\000u\000\040\000v\036\301\000\040\000H\036\307\000\040\000m\036\255\000t\000\040\000k\000h\000o\000\341\000\040\001\021\036\321\000i\000\040\000x\036\351\000n\000g}{}% 2
\BOOKMARK [2][-]{subsection.1.1}{\376\377\000K\000h\000\341\000i\000\040\000n\000i\036\307\000m\000\040\000v\036\301\000\040\000M\000\343\000\040\000k\000h\000o\000\341\000\040\001\021\036\321\000i\000\040\000x\036\351\000n\000g}{section.1}% 3
\BOOKMARK [2][-]{subsection.1.2}{\376\377\036\350\000n\000g\000\040\000d\036\345\000n\000g\000\040\000c\036\347\000a\000\040\000h\036\307\000\040\000m\036\255\000t\000\040\000k\000h\000o\000\341\000\040\001\021\036\321\000i\000\040\000x\036\351\000n\000g}{section.1}% 4
\BOOKMARK [2][-]{subsection.1.3}{\376\377\001\257\000u\000\040\001\021\000i\036\303\000m\000\040\000c\036\347\000a\000\040\000H\036\307\000\040\000m\036\255\000t\000\040\000k\000h\000\363\000a\000\040\001\021\036\321\000i\000\040\000x\036\351\000n\000g}{section.1}% 5
\BOOKMARK [2][-]{subsection.1.4}{\376\377\000\040\000M\036\267\000t\000\040\000h\036\241\000n\000\040\000c\000h\036\277\000\040\000c\036\347\000a\000\040\000h\036\307\000\040\000m\036\255\000t\000\040\000k\000h\000o\000\341\000\040\001\021\036\321\000i\000\040\000x\036\351\000n\000g}{section.1}% 6
\BOOKMARK [1][-]{section.2}{\376\377\000C\000\341\000c\000\040\000H\036\307\000\040\000m\000\343\000\040\000k\000h\000\363\000a\000\040\001\021\036\321\000i\000\040\000x\036\351\000n\000g\000\040\000n\036\325\000i\000\040\000t\000i\036\277\000n\000g}{}% 7
\BOOKMARK [2][-]{subsection.2.1}{\376\377\000T\000h\000u\036\255\000t\000\040\000t\000o\000\341\000n\000\040\000D\000E\000S}{section.2}% 8
\BOOKMARK [3][-]{subsubsection.2.1.1}{\376\377\000L\036\313\000c\000h\000\040\000s\036\355\000\040\000h\000\354\000n\000h\000\040\000t\000h\000\340\000n\000h}{subsection.2.1}% 9
\BOOKMARK [3][-]{subsubsection.2.1.2}{\376\377\000T\000h\000u\036\255\000t\000\040\000t\000o\000\341\000n\000\040\000v\000\340\000\040\000l\001\260\000u\000\040\001\021\036\323\000\040\000h\000o\036\241\000t\000\040\001\021\036\331\000n\000g\000\040\000m\000\343\000\040\000h\000\363\000a\000\040\000d\036\357\000\040\000l\000i\036\307\000u\000\040\000D\000E\000S}{subsection.2.1}% 10
\BOOKMARK [3][-]{subsubsection.2.1.3}{\376\377\000H\000o\000\341\000n\000\040\000v\036\313\000\040\000k\000h\036\337\000i\000\040\000t\036\241\000o\000\040\000-\000\040\000I\000P}{subsection.2.1}% 11
\BOOKMARK [3][-]{subsubsection.2.1.4}{\376\377\000H\000\340\000m\000\040\000m\000\343\000\040\000k\000h\000\363\000a\000\040\000f\000\050\000R\000,\000K\000\051}{subsection.2.1}% 12
\BOOKMARK [3][-]{subsubsection.2.1.5}{\376\377\000H\000\340\000m\000\040\000p\000h\000\342\000n\000\040\000p\000h\036\321\000i\000\040\000K\000e\000y\000\040\000\050\000K\000e\000y\000\040\000S\000c\000h\000e\000d\000u\000l\000e\000\051}{subsection.2.1}% 13
\BOOKMARK [3][-]{subsubsection.2.1.6}{\376\377\000H\000o\000\341\000n\000\040\000v\036\313\000\040\000k\000h\036\337\000i\000\040\000t\036\241\000o\000\040\000I\000P\000-\0001}{subsection.2.1}% 14
\BOOKMARK [3][-]{subsubsection.2.1.7}{\376\377\000V\000\355\000\040\000d\036\345\000\040\000v\036\301\000\040\000m\000\343\000\040\000h\000\363\000a\000\040\000D\000E\000S}{subsection.2.1}% 15
\BOOKMARK [3][-]{subsubsection.2.1.8}{\376\377\000T\000h\000u\036\255\000t\000\040\000t\000o\000\341\000n\000\040\000G\000i\036\243\000i\000\040\000m\000\343\000\040\000D\036\357\000\040\000l\000i\036\307\000u\000\040\000D\000E\000S}{subsection.2.1}% 16
\BOOKMARK [3][-]{subsubsection.2.1.9}{\376\377\000N\000h\036\255\000n\000\040\000x\000\351\000t}{subsection.2.1}% 17
\BOOKMARK [3][-]{subsubsection.2.1.10}{\376\377\000\040\000M\036\267\000t\000\040\000h\036\241\000n\000\040\000c\000h\036\277\000\040\000c\036\347\000a\000\040\000D\000E\000S}{subsection.2.1}% 18
\BOOKMARK [2][-]{subsection.2.2}{\376\377\000T\000h\000u\036\255\000t\000\040\000t\000o\000\341\000n\000\040\000A\000E\000S}{section.2}% 19
\BOOKMARK [3][-]{subsubsection.2.2.1}{\376\377\000Q\000u\000\341\000\040\000t\000r\000\354\000n\000h\000\040\000m\000\343\000\040\000h\000\363\000a\000\040\000c\036\347\000a\000\040\000T\000h\000u\036\255\000t\000\040\000t\000o\000\341\000n\000\040\000A\000E\000S\000-\0001\0002\0008}{subsection.2.2}% 20
\BOOKMARK [3][-]{subsubsection.2.2.2}{\376\377\000Q\000u\000\341\000\040\000t\000r\000\354\000n\000h\000\040\000g\000i\036\243\000i\000\040\000m\000\343\000\040\000c\036\347\000a\000\040\000T\000h\000u\036\255\000t\000\040\000t\000o\000\341\000n\000\040\000A\000E\000S\000-\0001\0002\0008}{subsection.2.2}% 21
\BOOKMARK [3][-]{subsubsection.2.2.3}{\376\377\000C\000\341\000c\000\040\000d\036\241\000n\000g\000\040\000t\036\245\000n\000\040\000c\000\364\000n\000g\000\040\000v\000\340\000o\000\040\000A\000E\000S}{subsection.2.2}% 22
\BOOKMARK [3][-]{subsubsection.2.2.4}{\376\377\000M\036\267\000t\000\040\000h\036\241\000n\000\040\000c\000h\036\277\000\040\000c\036\347\000a\000\040\000A\000E\000S\000\040}{subsection.2.2}% 23
\BOOKMARK [1][-]{section.3}{\376\377\000C\000\341\000c\000\040\000p\000h\001\260\001\241\000n\000g\000\040\000p\000h\000\341\000p\000\040\000t\036\245\000n\000\040\000c\000\364\000n\000g\000\040\000H\036\307\000\040\000m\000\343\000\040\001\021\036\321\000i\000\040\000x\036\351\000n\000g\000\040}{}% 24
\BOOKMARK [2][-]{subsection.3.1}{\376\377\000T\036\245\000n\000\040\000c\000\364\000n\000g\000\040\000B\000r\000u\000t\000e\000\040\000F\000o\000r\000c\000e}{section.3}% 25
\BOOKMARK [3][-]{subsubsection.3.1.1}{\376\377\000T\036\245\000n\000\040\000c\000\364\000n\000g\000\040\000B\000r\000u\000t\000e\000\040\000F\000o\000r\000c\000e\000\040\000l\000\340\000\040\000g\000\354\000?}{subsection.3.1}% 26
\BOOKMARK [3][-]{subsubsection.3.1.2}{\376\377\000\040\000M\036\345\000c\000\040\001\021\000\355\000c\000h\000\040\000c\036\347\000a\000\040\000t\036\245\000n\000\040\000c\000\364\000n\000g\000\040\000B\000r\000u\000t\000e\000\040\000F\000o\000r\000c\000e}{subsection.3.1}% 27
\BOOKMARK [3][-]{subsubsection.3.1.3}{\376\377\000\040\000N\000g\000u\000y\000\352\000n\000\040\000n\000h\000\342\000n\000\040\000d\036\253\000n\000\040\001\021\036\277\000n\000\040\000c\000u\036\331\000c\000\040\000t\036\245\000n\000\040\000c\000\364\000n\000g\000\040\000B\000r\000u\000t\000e\000\040\000F\000o\000r\000c\000e}{subsection.3.1}% 28
\BOOKMARK [3][-]{subsubsection.3.1.4}{\376\377\000C\000\341\000c\000\040\000l\000o\036\241\000i\000\040\000t\036\245\000n\000\040\000c\000\364\000n\000g\000\040\000B\000r\000u\000t\000e\000\040\000F\000o\000r\000c\000e\000\040\000p\000h\036\325\000\040\000b\000i\036\277\000n\000\040}{subsection.3.1}% 29
\BOOKMARK [3][-]{subsubsection.3.1.5}{\376\377\000\040\000C\000\341\000c\000\040\000c\000\364\000n\000g\000\040\000c\036\345\000\040\000d\000\371\000n\000g\000\040\000t\000r\000o\000n\000g\000\040\000t\036\245\000n\000\040\000c\000\364\000n\000g}{subsection.3.1}% 30
\BOOKMARK [3][-]{subsubsection.3.1.6}{\376\377\000\040\000B\000i\036\307\000n\000\040\000p\000h\000\341\000p\000\040\000n\000g\001\003\000n\000\040\000c\000h\036\267\000n\000\040\000t\036\245\000n\000\040\000c\000\364\000n\000g\000\040\000B\000r\000u\000t\000e\000\040\000F\000o\000r\000c\000e}{subsection.3.1}% 31
\BOOKMARK [2][-]{subsection.3.2}{\376\377\000\040\000T\036\245\000n\000\040\000c\000\364\000n\000g\000\040\000D\000i\000c\000t\000i\000o\000n\000a\000r\000y}{section.3}% 32
\BOOKMARK [3][-]{subsubsection.3.2.1}{\376\377\000\040\000T\036\245\000n\000\040\000c\000\364\000n\000g\000\040\000D\000i\000c\000t\000i\000o\000n\000a\000r\000y\000\040\000l\000\340\000\040\000g\000\354}{subsection.3.2}% 33
\BOOKMARK [3][-]{subsubsection.3.2.2}{\376\377\000C\000\341\000c\000\040\000k\000i\036\303\000u\000\040\000t\036\245\000n\000\040\000c\000\364\000n\000g\000\040\000D\000i\000c\000t\000i\000o\000n\000a\000r\000y}{subsection.3.2}% 34
\BOOKMARK [3][-]{subsubsection.3.2.3}{\376\377\000\040\000C\000\341\000c\000h\000\040\000c\000u\036\331\000c\000\040\000t\036\245\000n\000\040\000c\000\364\000n\000g\000\040\000D\000i\000c\000t\000i\000o\000n\000a\000r\000y\000\040\000h\000o\036\241\000t\000\040\001\021\036\331\000n\000g}{subsection.3.2}% 35
\BOOKMARK [3][-]{subsubsection.3.2.4}{\376\377\000N\000g\000u\000y\000\352\000n\000\040\000n\000h\000\342\000n\000\040\000n\000g\001\260\036\335\000i\000\040\000d\000\371\000n\000g\000\040\000b\036\313\000\040\000t\036\245\000n\000\040\000c\000\364\000n\000g\000\040\000D\000i\000c\000t\000i\000o\000n\000a\000r\000y}{subsection.3.2}% 36
\BOOKMARK [3][-]{subsubsection.3.2.5}{\376\377\000\040\000C\000\341\000c\000\040\000c\000\364\000n\000g\000\040\000c\036\345\000\040\000d\000\371\000n\000g\000\040\000t\000r\000o\000n\000g\000\040\000t\036\245\000n\000\040\000c\000\364\000n\000g}{subsection.3.2}% 37
\BOOKMARK [2][-]{subsection.3.3}{\376\377\000M\000a\000n\000\040\000i\000n\000\040\000t\000h\000e\000\040\000M\000i\000d\000d\000l\000e\000\040\000\050\000M\000I\000T\000M\000\051}{section.3}% 38
\BOOKMARK [3][-]{subsubsection.3.3.1}{\376\377\000T\036\245\000n\000\040\000c\000\364\000n\000g\000\040\000M\000I\000T\000M\000\040\000l\000\340\000\040\000g\000\354\000?}{subsection.3.3}% 39
\BOOKMARK [3][-]{subsubsection.3.3.2}{\376\377\000C\000\341\000c\000\040\000k\000i\036\303\000u\000\040\000t\036\245\000n\000\040\000c\000\364\000n\000g\000\040\000M\000I\000T\000M}{subsection.3.3}% 40
\BOOKMARK [3][-]{subsubsection.3.3.3}{\376\377\000T\000i\036\277\000n\000\040\000t\000r\000\354\000n\000h\000\040\000t\036\245\000n\000\040\000c\000\364\000n\000g\000\040\000M\000I\000T\000M}{subsection.3.3}% 41
\BOOKMARK [3][-]{subsubsection.3.3.4}{\376\377\000M\036\351\000c\000\040\001\021\036\331\000\040\000p\000h\036\325\000\040\000b\000i\036\277\000n\000\040\000c\036\347\000a\000\040\000c\000\341\000c\000\040\000c\000u\036\331\000c\000\040\000t\036\245\000n\000\040\000c\000\364\000n\000g\000\040\000M\000a\000n\000-\000I\000n\000-\000T\000h\000e\000-\000M\000i\000d\000d\000l\000e}{subsection.3.3}% 42
\BOOKMARK [3][-]{subsubsection.3.3.5}{\376\377\000C\000\341\000c\000\040\000c\000\364\000n\000g\000\040\000c\036\345\000\040\001\021\001\260\036\343\000c\000\040\000s\036\355\000\040\000d\036\345\000n\000g\000\040}{subsection.3.3}% 43
\BOOKMARK [3][-]{subsubsection.3.3.6}{\376\377\000B\000i\036\307\000n\000\040\000p\000h\000\341\000p\000\040\000b\036\243\000o\000\040\000v\036\307\000\040\000v\000\340\000\040\000n\000g\001\003\000n\000\040\000c\000h\036\267\000n}{subsection.3.3}% 44
\BOOKMARK [2][-]{subsection.3.4}{\376\377\000T\036\245\000n\000\040\000c\000\364\000n\000g\000\040\000K\036\277\000t\000\040\000h\036\343\000p\000\040\000P\000l\000a\000i\000n\000t\000e\000x\000t\000-\000C\000i\000p\000h\000e\000r\000t\000e\000x\000t\000\040\000\050\000K\000n\000o\000w\000n\000-\000\040\000P\000l\000a\000i\000n\000t\000e\000x\000t\000\040\000A\000t\000t\000a\000c\000k\000\051\000\040}{section.3}% 45
\BOOKMARK [3][-]{subsubsection.3.4.1}{\376\377\000K\000n\000o\000w\000-\000P\000l\000a\000i\000n\000t\000e\000x\000t\000\040\000A\000t\000t\000a\000c\000k\000\040\000l\000\340\000\040\000g\000\354\000?}{subsection.3.4}% 46
\BOOKMARK [3][-]{subsubsection.3.4.2}{\376\377\000K\000P\000A\000\040\001\021\000\343\000\040\000h\000o\036\241\000t\000\040\001\021\036\331\000n\000g\000\040\000n\000h\001\260\000\040\000n\000\340\000o\000?\000\040}{subsection.3.4}% 47
\BOOKMARK [3][-]{subsubsection.3.4.3}{\376\377\000B\000i\036\307\000n\000\040\000p\000h\000\341\000p\000\040\000b\036\243\000o\000\040\000v\036\307\000\040\000v\000\340\000\040\000n\000g\001\003\000n\000\040\000c\000h\036\267\000n}{subsection.3.4}% 48
\BOOKMARK [2][-]{subsection.3.5}{\376\377\000T\036\245\000n\000\040\000c\000\364\000n\000g\000\040\000C\000h\036\315\000n\000\040\000v\001\003\000n\000\040\000b\036\243\000n\000\040\000\050\000C\000h\000o\000s\000e\000n\000-\000P\000l\000a\000i\000n\000t\000e\000x\000t\000\040\000A\000t\000t\000a\000c\000k\000\051}{section.3}% 49
\BOOKMARK [3][-]{subsubsection.3.5.1}{\376\377\000C\000h\000o\000s\000e\000n\000-\000P\000l\000a\000i\000n\000t\000e\000x\000t\000\040\000A\000t\000t\000a\000c\000k\000\040\000l\000\340\000\040\000g\000\354\000?}{subsection.3.5}% 50
\BOOKMARK [3][-]{subsubsection.3.5.2}{\376\377\000T\000i\036\277\000n\000\040\000t\000r\000\354\000n\000h\000\040\000c\000\364\000n\000g\000\040\000c\000u\036\331\000c\000\040\000t\036\245\000n\000\040\000c\000\364\000n\000g}{subsection.3.5}% 51
\BOOKMARK [3][-]{subsubsection.3.5.3}{\376\377\000C\000\341\000c\000\040\000k\000i\036\303\000u\000\040\000t\036\245\000n\000\040\000c\000\364\000n\000g\000\040\000C\000P\000A}{subsection.3.5}% 52
\BOOKMARK [3][-]{subsubsection.3.5.4}{\376\377\000N\001\241\000i\000\040\000c\000\363\000\040\000t\000h\036\303\000\040\000x\036\243\000y\000\040\000r\000a\000\040\000t\036\245\000n\000\040\000c\000\364\000n\000g\000\040\000C\000P\000A}{subsection.3.5}% 53
\BOOKMARK [3][-]{subsubsection.3.5.5}{\376\377\000C\000h\000o\000s\000e\000n\000-\000p\000l\000a\000i\000n\000t\000e\000x\000t\000\040\000A\000t\000t\000a\000c\000k\000s\000\040\000v\000\340\000\040\000K\000n\000o\000w\000n\000-\000p\000l\000a\000i\000n\000t\000e\000x\000t\000\040\000A\000t\000t\000a\000c\000k\000s}{subsection.3.5}% 54
\BOOKMARK [3][-]{subsubsection.3.5.6}{\376\377\000B\000i\036\307\000n\000\040\000p\000h\000\341\000p\000\040\000b\036\243\000o\000\040\000v\036\307\000\040\000v\000\340\000\040\000n\000g\001\003\000n\000\040\000c\000h\036\267\000n\000\040\000t\036\245\000n\000\040\000c\000\364\000n\000g}{subsection.3.5}% 55
\BOOKMARK [2][-]{subsection.3.6}{\376\377\000T\036\245\000n\000\040\000c\000\364\000n\000g\000\040\000T\000i\000m\000i\000n\000g\000\040\000A\000t\000t\000a\000c\000k}{section.3}% 56
\BOOKMARK [3][-]{subsubsection.3.6.1}{\376\377\000T\036\245\000n\000\040\000c\000\364\000n\000g\000\040\000T\000i\000m\000i\000n\000g\000\040\000A\000t\000t\000a\000c\000k\000\040\000l\000\340\000\040\000g\000\354\000?}{subsection.3.6}% 57
\BOOKMARK [3][-]{subsubsection.3.6.2}{\376\377\000C\000\341\000c\000h\000\040\000t\000h\036\351\000c\000\040\000h\000o\036\241\000t\000\040\001\021\036\331\000n\000g}{subsection.3.6}% 58
\BOOKMARK [3][-]{subsubsection.3.6.3}{\376\377\000B\000i\036\307\000n\000\040\000p\000h\000\341\000p\000\040\000t\036\245\000n\000\040\000c\000\364\000n\000g\000\040\000v\000\340\000\040\000n\000g\001\003\000n\000\040\000c\000h\036\267\000n}{subsection.3.6}% 59
\BOOKMARK [2][-]{subsection.3.7}{\376\377\000T\036\245\000n\000\040\000c\000\364\000n\000g\000\040\000V\000i\000\040\000p\000h\000\342\000n\000\040\000\050\000D\000i\000f\000f\000e\000r\000e\000n\000t\000i\000a\000l\000\040\000C\000r\000y\000p\000t\000a\000n\000a\000l\000y\000s\000i\000s\000\051}{section.3}% 60
\BOOKMARK [3][-]{subsubsection.3.7.1}{\376\377\000L\036\313\000c\000h\000\040\000s\036\355\000\040\000p\000h\000\341\000t\000\040\000t\000r\000i\036\303\000n}{subsection.3.7}% 61
\BOOKMARK [3][-]{subsubsection.3.7.2}{\376\377\000N\000g\000u\000y\000\352\000n\000\040\000l\000\375\000\040\000c\001\241\000\040\000b\036\243\000n}{subsection.3.7}% 62
\BOOKMARK [3][-]{subsubsection.3.7.3}{\376\377\000P\000h\000\342\000n\000\040\000t\000\355\000c\000h\000\040\000t\000\355\000n\000h\000\040\000c\000h\036\245\000t\000\040\000V\000i\000\040\000p\000h\000\342\000n\000\040\000c\036\347\000a\000\040\000S\000-\000b\000o\000x}{subsection.3.7}% 63
\BOOKMARK [3][-]{subsubsection.3.7.4}{\376\377\000P\000h\000\342\000n\000\040\000t\000\355\000c\000h\000\040\000T\000\355\000n\000h\000\040\000c\000h\036\245\000t\000\040\000V\000i\000\040\000p\000h\000\342\000n\000\040\000c\036\347\000a\000\040\000h\036\307\000\040\000m\000\343\000\040\000h\000o\000\340\000n\000\040\000c\000h\036\311\000n\000h}{subsection.3.7}% 64
\BOOKMARK [3][-]{subsubsection.3.7.5}{\376\377\000T\000r\000\355\000c\000h\000\040\000x\000u\036\245\000t\000\040\000b\000i\000t\000\040\000c\036\347\000a\000\040\000k\000h\000\363\000a}{subsection.3.7}% 65
\BOOKMARK [2][-]{subsection.3.8}{\376\377\000T\036\245\000n\000\040\000c\000\364\000n\000g\000\040\000T\000u\000y\036\277\000n\000\040\000t\000\355\000n\000h\000\040\000\050\000L\000i\000n\000e\000a\000r\000\040\000C\000r\000y\000p\000t\000a\000n\000a\000l\000y\000s\000i\000s\000\051\000\040}{section.3}% 66
\BOOKMARK [3][-]{subsubsection.3.8.1}{\376\377\000N\000g\000u\000y\000\352\000n\000\040\000l\000\375\000\040\000c\001\241\000\040\000b\036\243\000n}{subsection.3.8}% 67
\BOOKMARK [3][-]{subsubsection.3.8.2}{\376\377\000P\000h\000\342\000n\000\040\000t\000\355\000c\000h\000\040\000t\000\355\000n\000h\000\040\000c\000h\036\245\000t\000\040\000T\000u\000y\036\277\000n\000\040\000t\000\355\000n\000h\000\040\000c\036\347\000a\000\040\000S\000-\000b\000o\000x}{subsection.3.8}% 68
\BOOKMARK [3][-]{subsubsection.3.8.3}{\376\377\000P\000h\000\342\000n\000\040\000t\000\355\000c\000h\000\040\000t\000\355\000n\000h\000\040\000c\000h\036\245\000t\000\040\000T\000u\000y\036\277\000n\000\040\000t\000\355\000n\000h\000\040\000c\036\347\000a\000\040\000h\036\307\000\040\000m\000\343\000\040\000h\000o\000\340\000n\000\040\000c\000h\036\311\000n\000h}{subsection.3.8}% 69
\BOOKMARK [3][-]{subsubsection.3.8.4}{\376\377\000K\000h\000\364\000i\000\040\000p\000h\036\345\000c\000\040\000b\000i\000t\000\040\000t\036\353\000\040\000k\000h\000\363\000a}{subsection.3.8}% 70
\BOOKMARK [1][-]{section.4}{\376\377\000X\000\342\000y\000\040\000d\036\361\000n\000g\000\040\000C\000h\001\260\001\241\000n\000g\000\040\000t\000r\000\354\000n\000h\000\040\000M\000\364\000\040\000p\000h\036\317\000n\000g\000\040}{}% 71
\BOOKMARK [2][-]{subsection.4.1}{\376\377\000D\000E\000S\000\040\000\050\000D\000a\000t\000a\000\040\000E\000n\000c\000r\000y\000p\000t\000i\000o\000n\000\040\000S\000t\000a\000n\000d\000a\000r\000d\000\051}{section.4}% 72
\BOOKMARK [3][-]{subsubsection.4.1.1}{\376\377\000H\000\340\000m\000\040\000t\036\241\000o\000\040\000k\000h\000o\000\341\000\040\000v\000\362\000n\000g}{subsection.4.1}% 73
\BOOKMARK [3][-]{subsubsection.4.1.2}{\376\377\000H\000\340\000m\000\040\000t\000\355\000n\000h\000\040\000f\000\050\000R\000,\000\040\000K\000\051}{subsection.4.1}% 74
\BOOKMARK [3][-]{subsubsection.4.1.3}{\376\377\000H\000\340\000m\000\040\000D\000E\000S}{subsection.4.1}% 75
\BOOKMARK [3][-]{subsubsection.4.1.4}{\376\377\000H\000\340\000m\000\040\000e\000n\000c\000r\000y\000p\000t}{subsection.4.1}% 76
\BOOKMARK [3][-]{subsubsection.4.1.5}{\376\377\000H\000\340\000m\000\040\000d\000e\000c\000r\000y\000p\000t}{subsection.4.1}% 77
\BOOKMARK [2][-]{subsection.4.2}{\376\377\000A\000E\000S\000\040\000\050\000A\000d\000v\000a\000n\000c\000e\000d\000\040\000E\000n\000c\000r\000y\000p\000t\000i\000o\000n\000\040\000S\000t\000a\000n\000d\000a\000r\000d\000\051}{section.4}% 78
\BOOKMARK [3][-]{subsubsection.4.2.1}{\376\377\000C\000\341\000c\000\040\000h\000\340\000m\000\040\000p\000h\036\345}{subsection.4.2}% 79
\BOOKMARK [3][-]{subsubsection.4.2.2}{\376\377\000M\000\343\000\040\000h\000o\000\341}{subsection.4.2}% 80
\BOOKMARK [3][-]{subsubsection.4.2.3}{\376\377\000G\000i\036\243\000i\000\040\000m\000\343}{subsection.4.2}% 81
\BOOKMARK [2][-]{subsection.4.3}{\376\377\000B\000r\000u\000t\000e\000-\000F\000o\000r\000c\000e}{section.4}% 82
\BOOKMARK [3][-]{subsubsection.4.3.1}{\376\377\000H\000\340\000m\000\040\000t\001\003\000n\000g\000\040\000d\000\343\000y\000\040\000h\000e\000x}{subsection.4.3}% 83
\BOOKMARK [3][-]{subsubsection.4.3.2}{\376\377\000H\000\340\000m\000\040\000t\000h\036\361\000c\000\040\000h\000i\036\307\000n\000\040\000b\000r\000u\000t\000e\000-\000f\000o\000r\000c\000e}{subsection.4.3}% 84
\BOOKMARK [2][-]{subsection.4.4}{\376\377\000H\000\340\000m\000\040\000m\000a\000i\000n}{section.4}% 85
\BOOKMARK [1][-]{section.5}{\376\377\000K\036\277\000t\000\040\000l\000u\036\255\000n}{}% 86
\BOOKMARK [2][-]{subsection.5.1}{\376\377\000T\036\325\000n\000g\000\040\000k\036\277\000t\000\040\000N\000h\036\357\000n\000g\000\040\000v\000i\036\307\000c\000\040\001\021\000\343\000\040\000l\000\340\000m\000\040\001\021\001\260\036\343\000c}{section.5}% 87
\BOOKMARK [2][-]{subsection.5.2}{\376\377\000H\001\260\036\333\000n\000g\000\040\000N\000g\000h\000i\000\352\000n\000\040\000c\036\351\000u\000\040\000v\000\340\000\040\000P\000h\000\341\000t\000\040\000t\000r\000i\036\303\000n\000\040\000t\000r\000o\000n\000g\000\040\000t\001\260\001\241\000n\000g\000\040\000l\000a\000i}{section.5}% 88
\BOOKMARK [1][-]{subsection.5.2}{\376\377\000T\000\340\000i\000\040\000l\000i\036\307\000u\000\040\000t\000h\000a\000m\000\040\000k\000h\036\243\000o}{}% 89
